[30-Jan-2025 18:34:35 UTC] PHP Warning:  Attempt to read property "title" on null in C:\Users\iago\Documents\GitHub\paula-rodrigues\app\public\wp-includes\class-wp-customize-widgets.php on line 923
[03-Feb-2025 00:37:35 UTC] PHP Parse error:  syntax error, unexpected token "}" in C:\Users\iago\Documents\GitHub\paula-rodrigues\app\public\wp-content\themes\modern-photography\functions.php on line 90
[03-Feb-2025 00:37:35 UTC] PHP Parse error:  syntax error, unexpected token "}" in C:\Users\iago\Documents\GitHub\paula-rodrigues\app\public\wp-content\themes\modern-photography\functions.php on line 90
[03-Feb-2025 00:42:57 UTC] PHP Warning:  Undefined variable $cmb in C:\Users\iago\Documents\GitHub\paula-rodrigues\app\public\wp-content\themes\modern-photography\functions.php on line 90
[03-Feb-2025 00:42:57 UTC] PHP Fatal error:  Uncaught Error: Call to a member function add_field() on null in C:\Users\iago\Documents\GitHub\paula-rodrigues\app\public\wp-content\themes\modern-photography\functions.php:90
Stack trace:
#0 C:\Users\iago\Documents\GitHub\paula-rodrigues\app\public\wp-includes\class-wp-hook.php(324): cmb2_fields_home('')
#1 C:\Users\iago\Documents\GitHub\paula-rodrigues\app\public\wp-includes\class-wp-hook.php(348): WP_Hook->apply_filters(NULL, Array)
#2 C:\Users\iago\Documents\GitHub\paula-rodrigues\app\public\wp-includes\plugin.php(517): WP_Hook->do_action(Array)
#3 C:\Users\iago\Documents\GitHub\paula-rodrigues\app\public\wp-content\plugins\cmb2\bootstrap.php(26): do_action('cmb2_admin_init')
#4 C:\Users\iago\Documents\GitHub\paula-rodrigues\app\public\wp-content\plugins\cmb2\init.php(165): cmb2_bootstrap()
#5 C:\Users\iago\Documents\GitHub\paula-rodrigues\app\public\wp-includes\class-wp-hook.php(324): CMB2_Bootstrap_2110->include_cmb('')
#6 C:\Users\iago\Documents\GitHub\paula-rodrigues\app\public\wp-includes\class-wp-hook.php(348): WP_Hook->apply_filters(NULL, Array)
#7 C:\Users\iago\Documents\GitHub\paula-rodrigues\app\public\wp-includes\plugin.php(517): WP_Hook->do_action(Array)
#8 C:\Users\iago\Documents\GitHub\paula-rodrigues\app\public\wp-settings.php(704): do_action('init')
#9 C:\Users\iago\Documents\GitHub\paula-rodrigues\app\public\wp-config.php(103): require_once('C:\\Users\\iago\\D...')
#10 C:\Users\iago\Documents\GitHub\paula-rodrigues\app\public\wp-load.php(50): require_once('C:\\Users\\iago\\D...')
#11 C:\Users\iago\Documents\GitHub\paula-rodrigues\app\public\wp-admin\admin.php(34): require_once('C:\\Users\\iago\\D...')
#12 C:\Users\iago\Documents\GitHub\paula-rodrigues\app\public\wp-admin\user-edit.php(10): require_once('C:\\Users\\iago\\D...')
#13 C:\Users\iago\Documents\GitHub\paula-rodrigues\app\public\wp-admin\profile.php(18): require_once('C:\\Users\\iago\\D...')
#14 {main}
  thrown in C:\Users\iago\Documents\GitHub\paula-rodrigues\app\public\wp-content\themes\modern-photography\functions.php on line 90
[03-Feb-2025 00:42:57 UTC] PHP Warning:  Trying to access array offset on value of type bool in C:\Users\iago\Documents\GitHub\paula-rodrigues\app\public\wp-includes\class-wp-recovery-mode-email-service.php on line 367
[03-Feb-2025 00:42:57 UTC] PHP Warning:  Trying to access array offset on value of type bool in C:\Users\iago\Documents\GitHub\paula-rodrigues\app\public\wp-includes\class-wp-recovery-mode-email-service.php on line 368
[03-Feb-2025 01:13:57 UTC] PHP Fatal error:  Uncaught TypeError: call_user_func_array(): Argument #1 ($callback) must be a valid callback, function "renderizar_footer_settings" not found or invalid function name in C:\Users\iago\Documents\GitHub\paula-rodrigues\app\public\wp-includes\class-wp-hook.php:324
Stack trace:
#0 C:\Users\iago\Documents\GitHub\paula-rodrigues\app\public\wp-includes\class-wp-hook.php(348): WP_Hook->apply_filters('', Array)
#1 C:\Users\iago\Documents\GitHub\paula-rodrigues\app\public\wp-includes\plugin.php(517): WP_Hook->do_action(Array)
#2 C:\Users\iago\Documents\GitHub\paula-rodrigues\app\public\wp-admin\admin.php(259): do_action('toplevel_page_f...')
#3 {main}
  thrown in C:\Users\iago\Documents\GitHub\paula-rodrigues\app\public\wp-includes\class-wp-hook.php on line 324
[04-Feb-2025 15:10:39 UTC] PHP Warning:  include(C:\Users\iago\Documents\GitHub\paula-rodrigues\app\public/wp-content/themes/modern-photography/_archive-album.php): Failed to open stream: No such file or directory in C:\Users\iago\Documents\GitHub\paula-rodrigues\app\public\wp-content\themes\modern-photography\page-home.php on line 40
[04-Feb-2025 15:10:39 UTC] PHP Warning:  include(): Failed opening 'C:\Users\iago\Documents\GitHub\paula-rodrigues\app\public/wp-content/themes/modern-photography/_archive-album.php' for inclusion (include_path='.:/usr/share/php:/www/wp-content/pear') in C:\Users\iago\Documents\GitHub\paula-rodrigues\app\public\wp-content\themes\modern-photography\page-home.php on line 40
[06-Feb-2025 21:37:55 UTC] PHP Fatal error:  Cannot redeclare cmb2_fields_home() (previously declared in C:\Users\iago\Documents\GitHub\paula-rodrigues\app\public\wp-content\themes\modern-photography\functions.php:78) in C:\Users\iago\Documents\GitHub\paula-rodrigues\app\public\wp-content\themes\modern-photography\functions.php on line 108
[06-Feb-2025 21:37:55 UTC] PHP Warning:  Trying to access array offset on value of type bool in C:\Users\iago\Documents\GitHub\paula-rodrigues\app\public\wp-includes\class-wp-recovery-mode-email-service.php on line 367
[06-Feb-2025 21:37:55 UTC] PHP Warning:  Trying to access array offset on value of type bool in C:\Users\iago\Documents\GitHub\paula-rodrigues\app\public\wp-includes\class-wp-recovery-mode-email-service.php on line 368
[06-Feb-2025 21:37:56 UTC] PHP Fatal error:  Cannot redeclare cmb2_fields_home() (previously declared in C:\Users\iago\Documents\GitHub\paula-rodrigues\app\public\wp-content\themes\modern-photography\functions.php:78) in C:\Users\iago\Documents\GitHub\paula-rodrigues\app\public\wp-content\themes\modern-photography\functions.php on line 108
[06-Feb-2025 21:41:52 UTC] PHP Fatal error:  Cannot redeclare cmb2_fields_home() (previously declared in C:\Users\iago\Documents\GitHub\paula-rodrigues\app\public\wp-content\themes\modern-photography\functions.php:78) in C:\Users\iago\Documents\GitHub\paula-rodrigues\app\public\wp-content\themes\modern-photography\functions.php on line 108
[06-Feb-2025 21:41:53 UTC] PHP Fatal error:  Cannot redeclare cmb2_fields_home() (previously declared in C:\Users\iago\Documents\GitHub\paula-rodrigues\app\public\wp-content\themes\modern-photography\functions.php:78) in C:\Users\iago\Documents\GitHub\paula-rodrigues\app\public\wp-content\themes\modern-photography\functions.php on line 108
[06-Feb-2025 21:41:53 UTC] PHP Fatal error:  Cannot redeclare cmb2_fields_home() (previously declared in C:\Users\iago\Documents\GitHub\paula-rodrigues\app\public\wp-content\themes\modern-photography\functions.php:78) in C:\Users\iago\Documents\GitHub\paula-rodrigues\app\public\wp-content\themes\modern-photography\functions.php on line 108
[06-Feb-2025 21:41:53 UTC] PHP Fatal error:  Cannot redeclare cmb2_fields_home() (previously declared in C:\Users\iago\Documents\GitHub\paula-rodrigues\app\public\wp-content\themes\modern-photography\functions.php:78) in C:\Users\iago\Documents\GitHub\paula-rodrigues\app\public\wp-content\themes\modern-photography\functions.php on line 108
[06-Feb-2025 21:41:53 UTC] PHP Fatal error:  Cannot redeclare cmb2_fields_home() (previously declared in C:\Users\iago\Documents\GitHub\paula-rodrigues\app\public\wp-content\themes\modern-photography\functions.php:78) in C:\Users\iago\Documents\GitHub\paula-rodrigues\app\public\wp-content\themes\modern-photography\functions.php on line 108
[06-Feb-2025 21:41:54 UTC] PHP Fatal error:  Cannot redeclare cmb2_fields_home() (previously declared in C:\Users\iago\Documents\GitHub\paula-rodrigues\app\public\wp-content\themes\modern-photography\functions.php:78) in C:\Users\iago\Documents\GitHub\paula-rodrigues\app\public\wp-content\themes\modern-photography\functions.php on line 108
[06-Feb-2025 21:41:54 UTC] PHP Fatal error:  Cannot redeclare cmb2_fields_home() (previously declared in C:\Users\iago\Documents\GitHub\paula-rodrigues\app\public\wp-content\themes\modern-photography\functions.php:78) in C:\Users\iago\Documents\GitHub\paula-rodrigues\app\public\wp-content\themes\modern-photography\functions.php on line 108
[06-Feb-2025 21:52:15 UTC] PHP Parse error:  Unmatched '}' in C:\Users\iago\Documents\GitHub\paula-rodrigues\app\public\wp-content\themes\modern-photography\functions.php on line 183
[06-Feb-2025 21:52:25 UTC] PHP Parse error:  Unmatched '}' in C:\Users\iago\Documents\GitHub\paula-rodrigues\app\public\wp-content\themes\modern-photography\functions.php on line 183
